{"/Users/raphaelbenoliel/Documents/repos/Web Dev/FullStack_Project/Backend/src/App.ts": {"path":"/Users/raphaelbenoliel/Documents/repos/Web Dev/FullStack_Project/Backend/src/App.ts","statementMap":{"0":{"start":{"line":1,"column":0},"end":{"line":1,"column":43}},"1":{"start":{"line":2,"column":12},"end":{"line":2,"column":21}},"2":{"start":{"line":3,"column":0},"end":{"line":3,"column":28}},"3":{"start":{"line":4,"column":0},"end":{"line":4,"column":16}},"4":{"start":{"line":5,"column":0},"end":{"line":5,"column":32}},"5":{"start":{"line":6,"column":0},"end":{"line":6,"column":50}},"6":{"start":{"line":7,"column":0},"end":{"line":7,"column":44}},"7":{"start":{"line":8,"column":0},"end":{"line":8,"column":37}},"8":{"start":{"line":11,"column":16},"end":{"line":25,"column":1}},"9":{"start":{"line":12,"column":18},"end":{"line":23,"column":4}},"10":{"start":{"line":13,"column":15},"end":{"line":13,"column":34}},"11":{"start":{"line":14,"column":4},"end":{"line":14,"column":46}},"12":{"start":{"line":14,"column":28},"end":{"line":14,"column":44}},"13":{"start":{"line":15,"column":4},"end":{"line":15,"column":61}},"14":{"start":{"line":15,"column":26},"end":{"line":15,"column":59}},"15":{"start":{"line":16,"column":4},"end":{"line":22,"column":null}},"16":{"start":{"line":17,"column":6},"end":{"line":17,"column":33}},"17":{"start":{"line":18,"column":6},"end":{"line":18,"column":57}},"18":{"start":{"line":19,"column":6},"end":{"line":19,"column":40}},"19":{"start":{"line":20,"column":6},"end":{"line":20,"column":34}},"20":{"start":{"line":21,"column":6},"end":{"line":21,"column":19}},"21":{"start":{"line":24,"column":2},"end":{"line":24,"column":17}},"22":{"start":{"line":27,"column":0},"end":{"line":27,"column":23}}},"fnMap":{"0":{"name":"(anonymous_1)","decl":{"start":{"line":11,"column":16},"end":{"line":11,"column":19}},"loc":{"start":{"line":11,"column":21},"end":{"line":25,"column":1}}},"1":{"name":"(anonymous_2)","decl":{"start":{"line":12,"column":39},"end":{"line":12,"column":40}},"loc":{"start":{"line":12,"column":51},"end":{"line":23,"column":3}}},"2":{"name":"(anonymous_3)","decl":{"start":{"line":14,"column":19},"end":{"line":14,"column":20}},"loc":{"start":{"line":14,"column":28},"end":{"line":14,"column":44}}},"3":{"name":"(anonymous_4)","decl":{"start":{"line":15,"column":20},"end":{"line":15,"column":23}},"loc":{"start":{"line":15,"column":26},"end":{"line":15,"column":59}}},"4":{"name":"(anonymous_5)","decl":{"start":{"line":16,"column":52},"end":{"line":16,"column":55}},"loc":{"start":{"line":16,"column":57},"end":{"line":22,"column":5}}}},"branchMap":{},"s":{"0":2,"1":2,"2":2,"3":2,"4":2,"5":2,"6":2,"7":2,"8":2,"9":2,"10":2,"11":2,"12":0,"13":2,"14":2,"15":2,"16":2,"17":2,"18":2,"19":2,"20":2,"21":2,"22":2},"f":{"0":2,"1":2,"2":0,"3":2,"4":2},"b":{}}
,"/Users/raphaelbenoliel/Documents/repos/Web Dev/FullStack_Project/Backend/src/controllers/base_controller.ts": {"path":"/Users/raphaelbenoliel/Documents/repos/Web Dev/FullStack_Project/Backend/src/controllers/base_controller.ts","statementMap":{"0":{"start":{"line":7,"column":8},"end":{"line":7,"column":35}},"1":{"start":{"line":10,"column":8},"end":{"line":10,"column":27}},"2":{"start":{"line":11,"column":8},"end":{"line":22,"column":9}},"3":{"start":{"line":12,"column":12},"end":{"line":18,"column":13}},"4":{"start":{"line":13,"column":29},"end":{"line":13,"column":80}},"5":{"start":{"line":14,"column":16},"end":{"line":14,"column":43}},"6":{"start":{"line":16,"column":29},"end":{"line":16,"column":56}},"7":{"start":{"line":17,"column":16},"end":{"line":17,"column":43}},"8":{"start":{"line":20,"column":12},"end":{"line":20,"column":31}},"9":{"start":{"line":21,"column":12},"end":{"line":21,"column":48}},"10":{"start":{"line":26,"column":8},"end":{"line":26,"column":32}},"11":{"start":{"line":27,"column":8},"end":{"line":37,"column":9}},"12":{"start":{"line":28,"column":25},"end":{"line":28,"column":69}},"13":{"start":{"line":29,"column":12},"end":{"line":33,"column":13}},"14":{"start":{"line":30,"column":16},"end":{"line":30,"column":57}},"15":{"start":{"line":32,"column":16},"end":{"line":32,"column":50}},"16":{"start":{"line":35,"column":12},"end":{"line":35,"column":31}},"17":{"start":{"line":36,"column":12},"end":{"line":36,"column":48}},"18":{"start":{"line":41,"column":8},"end":{"line":41,"column":37}},"19":{"start":{"line":42,"column":8},"end":{"line":48,"column":9}},"20":{"start":{"line":43,"column":28},"end":{"line":43,"column":65}},"21":{"start":{"line":44,"column":12},"end":{"line":44,"column":42}},"22":{"start":{"line":46,"column":12},"end":{"line":46,"column":31}},"23":{"start":{"line":47,"column":12},"end":{"line":47,"column":48}},"24":{"start":{"line":53,"column":8},"end":{"line":53,"column":35}},"25":{"start":{"line":54,"column":8},"end":{"line":54,"column":48}},"26":{"start":{"line":58,"column":8},"end":{"line":58,"column":38}},"27":{"start":{"line":59,"column":8},"end":{"line":65,"column":9}},"28":{"start":{"line":60,"column":12},"end":{"line":60,"column":66}},"29":{"start":{"line":61,"column":12},"end":{"line":61,"column":42}},"30":{"start":{"line":63,"column":12},"end":{"line":63,"column":31}},"31":{"start":{"line":64,"column":12},"end":{"line":64,"column":48}},"32":{"start":{"line":69,"column":0},"end":{"line":69,"column":30}}},"fnMap":{"0":{"name":"(anonymous_7)","decl":{"start":{"line":6,"column":4},"end":{"line":6,"column":16}},"loc":{"start":{"line":6,"column":52},"end":{"line":8,"column":5}}},"1":{"name":"(anonymous_8)","decl":{"start":{"line":9,"column":10},"end":{"line":9,"column":13}},"loc":{"start":{"line":9,"column":41},"end":{"line":23,"column":null}}},"2":{"name":"(anonymous_10)","decl":{"start":{"line":25,"column":10},"end":{"line":25,"column":17}},"loc":{"start":{"line":25,"column":45},"end":{"line":38,"column":null}}},"3":{"name":"(anonymous_12)","decl":{"start":{"line":40,"column":10},"end":{"line":40,"column":14}},"loc":{"start":{"line":40,"column":42},"end":{"line":49,"column":null}}},"4":{"name":"(anonymous_14)","decl":{"start":{"line":52,"column":4},"end":{"line":52,"column":7}},"loc":{"start":{"line":52,"column":35},"end":{"line":55,"column":5}}},"5":{"name":"(anonymous_15)","decl":{"start":{"line":57,"column":10},"end":{"line":57,"column":16}},"loc":{"start":{"line":57,"column":44},"end":{"line":66,"column":null}}}},"branchMap":{"0":{"loc":{"start":{"line":12,"column":12},"end":{"line":18,"column":13}},"type":"if","locations":[{"start":{"line":12,"column":12},"end":{"line":18,"column":13}},{"start":{"line":15,"column":19},"end":{"line":18,"column":13}}]},"1":{"loc":{"start":{"line":29,"column":12},"end":{"line":33,"column":13}},"type":"if","locations":[{"start":{"line":29,"column":12},"end":{"line":33,"column":13}},{"start":{"line":31,"column":19},"end":{"line":33,"column":13}}]}},"s":{"0":4,"1":3,"2":3,"3":3,"4":0,"5":0,"6":3,"7":3,"8":0,"9":0,"10":3,"11":3,"12":3,"13":3,"14":2,"15":1,"16":0,"17":0,"18":1,"19":1,"20":1,"21":1,"22":0,"23":0,"24":0,"25":0,"26":1,"27":1,"28":1,"29":1,"30":0,"31":0,"32":2},"f":{"0":4,"1":3,"2":3,"3":1,"4":0,"5":1},"b":{"0":[0,3],"1":[2,1]}}
,"/Users/raphaelbenoliel/Documents/repos/Web Dev/FullStack_Project/Backend/src/controllers/post_controller.ts": {"path":"/Users/raphaelbenoliel/Documents/repos/Web Dev/FullStack_Project/Backend/src/controllers/post_controller.ts","statementMap":{"0":{"start":{"line":1,"column":0},"end":{"line":1,"column":47}},"1":{"start":{"line":2,"column":0},"end":{"line":2,"column":51}},"2":{"start":{"line":4,"column":23},"end":{"line":4,"column":54}},"3":{"start":{"line":6,"column":0},"end":{"line":6,"column":null}}},"fnMap":{},"branchMap":{},"s":{"0":2,"1":2,"2":2,"3":2},"f":{},"b":{}}
,"/Users/raphaelbenoliel/Documents/repos/Web Dev/FullStack_Project/Backend/src/controllers/student_controller.ts": {"path":"/Users/raphaelbenoliel/Documents/repos/Web Dev/FullStack_Project/Backend/src/controllers/student_controller.ts","statementMap":{"0":{"start":{"line":70,"column":0},"end":{"line":70,"column":46}},"1":{"start":{"line":71,"column":0},"end":{"line":71,"column":47}},"2":{"start":{"line":76,"column":4},"end":{"line":76,"column":19}},"3":{"start":{"line":81,"column":0},"end":{"line":81,"column":39}}},"fnMap":{"0":{"name":"(anonymous_1)","decl":{"start":{"line":75,"column":2},"end":{"line":75,"column":null}},"loc":{"start":{"line":75,"column":2},"end":{"line":77,"column":3}}}},"branchMap":{},"s":{"0":2,"1":2,"2":2,"3":2},"f":{"0":2},"b":{}}
,"/Users/raphaelbenoliel/Documents/repos/Web Dev/FullStack_Project/Backend/src/models/post_model.ts": {"path":"/Users/raphaelbenoliel/Documents/repos/Web Dev/FullStack_Project/Backend/src/models/post_model.ts","statementMap":{"0":{"start":{"line":1,"column":0},"end":{"line":1,"column":32}},"1":{"start":{"line":9,"column":19},"end":{"line":22,"column":2}},"2":{"start":{"line":24,"column":0},"end":{"line":24,"column":57}}},"fnMap":{},"branchMap":{},"s":{"0":2,"1":2,"2":2},"f":{},"b":{}}
,"/Users/raphaelbenoliel/Documents/repos/Web Dev/FullStack_Project/Backend/src/models/student_model.ts": {"path":"/Users/raphaelbenoliel/Documents/repos/Web Dev/FullStack_Project/Backend/src/models/student_model.ts","statementMap":{"0":{"start":{"line":1,"column":0},"end":{"line":1,"column":32}},"1":{"start":{"line":10,"column":22},"end":{"line":23,"column":2}},"2":{"start":{"line":25,"column":0},"end":{"line":25,"column":66}}},"fnMap":{},"branchMap":{},"s":{"0":2,"1":2,"2":2},"f":{},"b":{}}
,"/Users/raphaelbenoliel/Documents/repos/Web Dev/FullStack_Project/Backend/src/routes/post_route.ts": {"path":"/Users/raphaelbenoliel/Documents/repos/Web Dev/FullStack_Project/Backend/src/routes/post_route.ts","statementMap":{"0":{"start":{"line":1,"column":0},"end":{"line":1,"column":30}},"1":{"start":{"line":2,"column":15},"end":{"line":2,"column":31}},"2":{"start":{"line":3,"column":0},"end":{"line":3,"column":60}},"3":{"start":{"line":5,"column":0},"end":{"line":5,"column":57}},"4":{"start":{"line":7,"column":0},"end":{"line":7,"column":64}},"5":{"start":{"line":9,"column":0},"end":{"line":9,"column":59}},"6":{"start":{"line":11,"column":0},"end":{"line":11,"column":60}},"7":{"start":{"line":13,"column":0},"end":{"line":13,"column":66}},"8":{"start":{"line":15,"column":0},"end":{"line":15,"column":22}}},"fnMap":{},"branchMap":{},"s":{"0":2,"1":2,"2":2,"3":2,"4":2,"5":2,"6":2,"7":2,"8":2},"f":{},"b":{}}
,"/Users/raphaelbenoliel/Documents/repos/Web Dev/FullStack_Project/Backend/src/routes/student_route.ts": {"path":"/Users/raphaelbenoliel/Documents/repos/Web Dev/FullStack_Project/Backend/src/routes/student_route.ts","statementMap":{"0":{"start":{"line":1,"column":0},"end":{"line":1,"column":30}},"1":{"start":{"line":2,"column":15},"end":{"line":2,"column":31}},"2":{"start":{"line":3,"column":0},"end":{"line":3,"column":66}},"3":{"start":{"line":5,"column":0},"end":{"line":5,"column":63}},"4":{"start":{"line":6,"column":0},"end":{"line":6,"column":70}},"5":{"start":{"line":8,"column":0},"end":{"line":8,"column":65}},"6":{"start":{"line":10,"column":0},"end":{"line":10,"column":66}},"7":{"start":{"line":12,"column":0},"end":{"line":12,"column":72}},"8":{"start":{"line":14,"column":0},"end":{"line":14,"column":22}}},"fnMap":{},"branchMap":{},"s":{"0":2,"1":2,"2":2,"3":2,"4":2,"5":2,"6":2,"7":2,"8":2},"f":{},"b":{}}
}
