{"/Users/raphaelbenoliel/Documents/repos/appDevlopment/FullStack_Project/Backend/src/App.ts": {"path":"/Users/raphaelbenoliel/Documents/repos/appDevlopment/FullStack_Project/Backend/src/App.ts","statementMap":{"0":{"start":{"line":1,"column":0},"end":{"line":1,"column":43}},"1":{"start":{"line":2,"column":12},"end":{"line":2,"column":21}},"2":{"start":{"line":3,"column":0},"end":{"line":3,"column":28}},"3":{"start":{"line":4,"column":0},"end":{"line":4,"column":16}},"4":{"start":{"line":5,"column":0},"end":{"line":5,"column":32}},"5":{"start":{"line":6,"column":0},"end":{"line":6,"column":44}},"6":{"start":{"line":7,"column":0},"end":{"line":7,"column":44}},"7":{"start":{"line":8,"column":0},"end":{"line":8,"column":37}},"8":{"start":{"line":9,"column":0},"end":{"line":9,"column":44}},"9":{"start":{"line":10,"column":0},"end":{"line":10,"column":44}},"10":{"start":{"line":13,"column":16},"end":{"line":30,"column":1}},"11":{"start":{"line":14,"column":18},"end":{"line":28,"column":4}},"12":{"start":{"line":15,"column":15},"end":{"line":15,"column":34}},"13":{"start":{"line":16,"column":4},"end":{"line":16,"column":46}},"14":{"start":{"line":16,"column":28},"end":{"line":16,"column":44}},"15":{"start":{"line":17,"column":4},"end":{"line":17,"column":61}},"16":{"start":{"line":17,"column":26},"end":{"line":17,"column":59}},"17":{"start":{"line":18,"column":4},"end":{"line":27,"column":null}},"18":{"start":{"line":19,"column":6},"end":{"line":19,"column":33}},"19":{"start":{"line":20,"column":6},"end":{"line":20,"column":57}},"20":{"start":{"line":21,"column":6},"end":{"line":21,"column":34}},"21":{"start":{"line":22,"column":6},"end":{"line":22,"column":34}},"22":{"start":{"line":23,"column":6},"end":{"line":23,"column":34}},"23":{"start":{"line":24,"column":6},"end":{"line":24,"column":34}},"24":{"start":{"line":25,"column":6},"end":{"line":25,"column":53}},"25":{"start":{"line":26,"column":6},"end":{"line":26,"column":19}},"26":{"start":{"line":29,"column":2},"end":{"line":29,"column":17}},"27":{"start":{"line":32,"column":0},"end":{"line":32,"column":23}}},"fnMap":{"0":{"name":"(anonymous_1)","decl":{"start":{"line":13,"column":16},"end":{"line":13,"column":19}},"loc":{"start":{"line":13,"column":21},"end":{"line":30,"column":1}}},"1":{"name":"(anonymous_2)","decl":{"start":{"line":14,"column":39},"end":{"line":14,"column":40}},"loc":{"start":{"line":14,"column":51},"end":{"line":28,"column":3}}},"2":{"name":"(anonymous_3)","decl":{"start":{"line":16,"column":19},"end":{"line":16,"column":20}},"loc":{"start":{"line":16,"column":28},"end":{"line":16,"column":44}}},"3":{"name":"(anonymous_4)","decl":{"start":{"line":17,"column":20},"end":{"line":17,"column":23}},"loc":{"start":{"line":17,"column":26},"end":{"line":17,"column":59}}},"4":{"name":"(anonymous_5)","decl":{"start":{"line":18,"column":52},"end":{"line":18,"column":55}},"loc":{"start":{"line":18,"column":57},"end":{"line":27,"column":5}}}},"branchMap":{},"s":{"0":4,"1":4,"2":4,"3":4,"4":4,"5":4,"6":4,"7":4,"8":4,"9":4,"10":4,"11":4,"12":4,"13":4,"14":0,"15":4,"16":4,"17":4,"18":4,"19":4,"20":4,"21":4,"22":4,"23":4,"24":4,"25":4,"26":4,"27":4},"f":{"0":4,"1":4,"2":0,"3":4,"4":4},"b":{}}
,"/Users/raphaelbenoliel/Documents/repos/appDevlopment/FullStack_Project/Backend/src/common/auth_middleware.ts": {"path":"/Users/raphaelbenoliel/Documents/repos/appDevlopment/FullStack_Project/Backend/src/common/auth_middleware.ts","statementMap":{"0":{"start":{"line":2,"column":0},"end":{"line":2,"column":31}},"1":{"start":{"line":4,"column":23},"end":{"line":21,"column":null}},"2":{"start":{"line":4,"column":81},"end":{"line":21,"column":null}},"3":{"start":{"line":5,"column":4},"end":{"line":5,"column":35}},"4":{"start":{"line":7,"column":23},"end":{"line":7,"column":51}},"5":{"start":{"line":8,"column":18},"end":{"line":8,"column":56}},"6":{"start":{"line":10,"column":4},"end":{"line":12,"column":5}},"7":{"start":{"line":11,"column":8},"end":{"line":11,"column":53}},"8":{"start":{"line":14,"column":4},"end":{"line":20,"column":7}},"9":{"start":{"line":15,"column":8},"end":{"line":17,"column":9}},"10":{"start":{"line":16,"column":12},"end":{"line":16,"column":57}},"11":{"start":{"line":18,"column":8},"end":{"line":18,"column":29}},"12":{"start":{"line":19,"column":8},"end":{"line":19,"column":15}},"13":{"start":{"line":23,"column":0},"end":{"line":23,"column":30}}},"fnMap":{"0":{"name":"(anonymous_8)","decl":{"start":{"line":4,"column":23},"end":{"line":4,"column":30}},"loc":{"start":{"line":4,"column":81},"end":{"line":21,"column":null}}},"1":{"name":"(anonymous_9)","decl":{"start":{"line":4,"column":81},"end":{"line":4,"column":null}},"loc":{"start":{"line":4,"column":81},"end":{"line":21,"column":1}}},"2":{"name":"(anonymous_10)","decl":{"start":{"line":14,"column":48},"end":{"line":14,"column":49}},"loc":{"start":{"line":14,"column":62},"end":{"line":20,"column":5}}}},"branchMap":{"0":{"loc":{"start":{"line":8,"column":18},"end":{"line":8,"column":56}},"type":"binary-expr","locations":[{"start":{"line":8,"column":18},"end":{"line":8,"column":28}},{"start":{"line":8,"column":32},"end":{"line":8,"column":56}}]},"1":{"loc":{"start":{"line":10,"column":4},"end":{"line":12,"column":5}},"type":"if","locations":[{"start":{"line":10,"column":4},"end":{"line":12,"column":5}}]},"2":{"loc":{"start":{"line":15,"column":8},"end":{"line":17,"column":9}},"type":"if","locations":[{"start":{"line":15,"column":8},"end":{"line":17,"column":9}}]}},"s":{"0":4,"1":4,"2":0,"3":0,"4":0,"5":0,"6":0,"7":0,"8":0,"9":0,"10":0,"11":0,"12":0,"13":4},"f":{"0":0,"1":0,"2":0},"b":{"0":[0,0],"1":[0],"2":[0]}}
,"/Users/raphaelbenoliel/Documents/repos/appDevlopment/FullStack_Project/Backend/src/controllers/auth_controller.ts": {"path":"/Users/raphaelbenoliel/Documents/repos/appDevlopment/FullStack_Project/Backend/src/controllers/auth_controller.ts","statementMap":{"0":{"start":{"line":2,"column":0},"end":{"line":2,"column":41}},"1":{"start":{"line":3,"column":0},"end":{"line":3,"column":28}},"2":{"start":{"line":4,"column":0},"end":{"line":4,"column":31}},"3":{"start":{"line":5,"column":0},"end":{"line":5,"column":51}},"4":{"start":{"line":7,"column":15},"end":{"line":7,"column":33}},"5":{"start":{"line":9,"column":17},"end":{"line":44,"column":null}},"6":{"start":{"line":9,"column":55},"end":{"line":44,"column":null}},"7":{"start":{"line":10,"column":4},"end":{"line":10,"column":26}},"8":{"start":{"line":11,"column":18},"end":{"line":11,"column":37}},"9":{"start":{"line":12,"column":21},"end":{"line":12,"column":43}},"10":{"start":{"line":13,"column":17},"end":{"line":13,"column":35}},"11":{"start":{"line":14,"column":18},"end":{"line":14,"column":37}},"12":{"start":{"line":15,"column":20},"end":{"line":15,"column":41}},"13":{"start":{"line":16,"column":19},"end":{"line":16,"column":39}},"14":{"start":{"line":18,"column":4},"end":{"line":20,"column":5}},"15":{"start":{"line":19,"column":8},"end":{"line":19,"column":63}},"16":{"start":{"line":21,"column":4},"end":{"line":43,"column":5}},"17":{"start":{"line":22,"column":21},"end":{"line":22,"column":57}},"18":{"start":{"line":23,"column":8},"end":{"line":25,"column":9}},"19":{"start":{"line":24,"column":12},"end":{"line":24,"column":63}},"20":{"start":{"line":26,"column":21},"end":{"line":26,"column":45}},"21":{"start":{"line":27,"column":31},"end":{"line":27,"column":64}},"22":{"start":{"line":29,"column":24},"end":{"line":37,"column":10}},"23":{"start":{"line":39,"column":8},"end":{"line":39,"column":45}},"24":{"start":{"line":41,"column":8},"end":{"line":41,"column":27}},"25":{"start":{"line":42,"column":8},"end":{"line":42,"column":51}},"26":{"start":{"line":47,"column":23},"end":{"line":63,"column":1}},"27":{"start":{"line":48,"column":24},"end":{"line":51,"column":null}},"28":{"start":{"line":54,"column":25},"end":{"line":57,"column":6}},"29":{"start":{"line":59,"column":4},"end":{"line":62,"column":null}},"30":{"start":{"line":65,"column":14},"end":{"line":104,"column":null}},"31":{"start":{"line":65,"column":52},"end":{"line":104,"column":null}},"32":{"start":{"line":66,"column":4},"end":{"line":66,"column":25}},"33":{"start":{"line":68,"column":18},"end":{"line":68,"column":32}},"34":{"start":{"line":69,"column":21},"end":{"line":69,"column":38}},"35":{"start":{"line":71,"column":4},"end":{"line":73,"column":5}},"36":{"start":{"line":72,"column":8},"end":{"line":72,"column":65}},"37":{"start":{"line":75,"column":4},"end":{"line":103,"column":5}},"38":{"start":{"line":76,"column":21},"end":{"line":76,"column":57}},"39":{"start":{"line":78,"column":8},"end":{"line":80,"column":9}},"40":{"start":{"line":79,"column":12},"end":{"line":79,"column":57}},"41":{"start":{"line":82,"column":22},"end":{"line":82,"column":67}},"42":{"start":{"line":83,"column":8},"end":{"line":83,"column":27}},"43":{"start":{"line":84,"column":8},"end":{"line":86,"column":9}},"44":{"start":{"line":85,"column":12},"end":{"line":85,"column":60}},"45":{"start":{"line":88,"column":46},"end":{"line":88,"column":81}},"46":{"start":{"line":90,"column":8},"end":{"line":94,"column":9}},"47":{"start":{"line":91,"column":12},"end":{"line":91,"column":41}},"48":{"start":{"line":93,"column":12},"end":{"line":93,"column":43}},"49":{"start":{"line":95,"column":8},"end":{"line":95,"column":26}},"50":{"start":{"line":96,"column":8},"end":{"line":99,"column":11}},"51":{"start":{"line":101,"column":8},"end":{"line":101,"column":27}},"52":{"start":{"line":102,"column":8},"end":{"line":102,"column":51}},"53":{"start":{"line":106,"column":15},"end":{"line":128,"column":null}},"54":{"start":{"line":106,"column":53},"end":{"line":128,"column":null}},"55":{"start":{"line":107,"column":23},"end":{"line":107,"column":51}},"56":{"start":{"line":108,"column":25},"end":{"line":108,"column":63}},"57":{"start":{"line":109,"column":4},"end":{"line":109,"column":57}},"58":{"start":{"line":109,"column":30},"end":{"line":109,"column":57}},"59":{"start":{"line":110,"column":4},"end":{"line":127,"column":7}},"60":{"start":{"line":110,"column":102},"end":{"line":127,"column":6}},"61":{"start":{"line":111,"column":8},"end":{"line":111,"column":25}},"62":{"start":{"line":112,"column":8},"end":{"line":112,"column":44}},"63":{"start":{"line":112,"column":17},"end":{"line":112,"column":44}},"64":{"start":{"line":113,"column":8},"end":{"line":126,"column":9}},"65":{"start":{"line":114,"column":27},"end":{"line":114,"column":66}},"66":{"start":{"line":115,"column":12},"end":{"line":123,"column":13}},"67":{"start":{"line":116,"column":16},"end":{"line":116,"column":35}},"68":{"start":{"line":117,"column":16},"end":{"line":117,"column":36}},"69":{"start":{"line":118,"column":16},"end":{"line":118,"column":43}},"70":{"start":{"line":120,"column":16},"end":{"line":120,"column":78}},"71":{"start":{"line":120,"column":58},"end":{"line":120,"column":76}},"72":{"start":{"line":121,"column":16},"end":{"line":121,"column":36}},"73":{"start":{"line":122,"column":16},"end":{"line":122,"column":43}},"74":{"start":{"line":125,"column":12},"end":{"line":125,"column":50}},"75":{"start":{"line":130,"column":16},"end":{"line":173,"column":null}},"76":{"start":{"line":130,"column":54},"end":{"line":173,"column":null}},"77":{"start":{"line":132,"column":23},"end":{"line":132,"column":51}},"78":{"start":{"line":133,"column":29},"end":{"line":133,"column":67}},"79":{"start":{"line":135,"column":4},"end":{"line":137,"column":5}},"80":{"start":{"line":136,"column":8},"end":{"line":136,"column":53}},"81":{"start":{"line":140,"column":4},"end":{"line":172,"column":7}},"82":{"start":{"line":140,"column":108},"end":{"line":172,"column":6}},"83":{"start":{"line":141,"column":8},"end":{"line":143,"column":9}},"84":{"start":{"line":142,"column":12},"end":{"line":142,"column":57}},"85":{"start":{"line":145,"column":8},"end":{"line":171,"column":9}},"86":{"start":{"line":146,"column":25},"end":{"line":146,"column":58}},"87":{"start":{"line":147,"column":12},"end":{"line":153,"column":13}},"88":{"start":{"line":148,"column":16},"end":{"line":151,"column":17}},"89":{"start":{"line":149,"column":20},"end":{"line":149,"column":37}},"90":{"start":{"line":150,"column":20},"end":{"line":150,"column":38}},"91":{"start":{"line":152,"column":16},"end":{"line":152,"column":61}},"92":{"start":{"line":156,"column":50},"end":{"line":156,"column":85}},"93":{"start":{"line":159,"column":12},"end":{"line":159,"column":81}},"94":{"start":{"line":159,"column":54},"end":{"line":159,"column":79}},"95":{"start":{"line":160,"column":12},"end":{"line":160,"column":43}},"96":{"start":{"line":161,"column":12},"end":{"line":161,"column":30}},"97":{"start":{"line":164,"column":12},"end":{"line":167,"column":15}},"98":{"start":{"line":169,"column":12},"end":{"line":169,"column":31}},"99":{"start":{"line":170,"column":12},"end":{"line":170,"column":55}},"100":{"start":{"line":174,"column":21},"end":{"line":206,"column":null}},"101":{"start":{"line":174,"column":59},"end":{"line":206,"column":null}},"102":{"start":{"line":175,"column":4},"end":{"line":175,"column":26}},"103":{"start":{"line":176,"column":4},"end":{"line":204,"column":5}},"104":{"start":{"line":177,"column":23},"end":{"line":180,"column":10}},"105":{"start":{"line":181,"column":24},"end":{"line":181,"column":43}},"106":{"start":{"line":182,"column":22},"end":{"line":182,"column":36}},"107":{"start":{"line":183,"column":8},"end":{"line":201,"column":9}},"108":{"start":{"line":184,"column":23},"end":{"line":184,"column":61}},"109":{"start":{"line":185,"column":12},"end":{"line":192,"column":13}},"110":{"start":{"line":186,"column":16},"end":{"line":191,"column":23}},"111":{"start":{"line":193,"column":27},"end":{"line":193,"column":68}},"112":{"start":{"line":194,"column":12},"end":{"line":200,"column":null}},"113":{"start":{"line":203,"column":8},"end":{"line":203,"column":49}},"114":{"start":{"line":208,"column":0},"end":{"line":214,"column":null}}},"fnMap":{"0":{"name":"(anonymous_8)","decl":{"start":{"line":9,"column":17},"end":{"line":9,"column":24}},"loc":{"start":{"line":9,"column":55},"end":{"line":44,"column":null}}},"1":{"name":"(anonymous_9)","decl":{"start":{"line":9,"column":55},"end":{"line":9,"column":null}},"loc":{"start":{"line":9,"column":55},"end":{"line":44,"column":1}}},"2":{"name":"(anonymous_10)","decl":{"start":{"line":47,"column":23},"end":{"line":47,"column":24}},"loc":{"start":{"line":47,"column":89},"end":{"line":63,"column":1}}},"3":{"name":"(anonymous_11)","decl":{"start":{"line":65,"column":14},"end":{"line":65,"column":21}},"loc":{"start":{"line":65,"column":52},"end":{"line":104,"column":null}}},"4":{"name":"(anonymous_12)","decl":{"start":{"line":65,"column":52},"end":{"line":65,"column":null}},"loc":{"start":{"line":65,"column":52},"end":{"line":104,"column":1}}},"5":{"name":"(anonymous_13)","decl":{"start":{"line":106,"column":15},"end":{"line":106,"column":22}},"loc":{"start":{"line":106,"column":53},"end":{"line":128,"column":null}}},"6":{"name":"(anonymous_14)","decl":{"start":{"line":106,"column":53},"end":{"line":106,"column":null}},"loc":{"start":{"line":106,"column":53},"end":{"line":128,"column":1}}},"7":{"name":"(anonymous_15)","decl":{"start":{"line":110,"column":63},"end":{"line":110,"column":70}},"loc":{"start":{"line":110,"column":102},"end":{"line":127,"column":6}}},"8":{"name":"(anonymous_16)","decl":{"start":{"line":110,"column":102},"end":{"line":110,"column":null}},"loc":{"start":{"line":110,"column":102},"end":{"line":127,"column":5}}},"9":{"name":"(anonymous_17)","decl":{"start":{"line":120,"column":53},"end":{"line":120,"column":54}},"loc":{"start":{"line":120,"column":58},"end":{"line":120,"column":76}}},"10":{"name":"(anonymous_18)","decl":{"start":{"line":130,"column":16},"end":{"line":130,"column":23}},"loc":{"start":{"line":130,"column":54},"end":{"line":173,"column":null}}},"11":{"name":"(anonymous_19)","decl":{"start":{"line":130,"column":54},"end":{"line":130,"column":null}},"loc":{"start":{"line":130,"column":54},"end":{"line":173,"column":1}}},"12":{"name":"(anonymous_20)","decl":{"start":{"line":140,"column":67},"end":{"line":140,"column":74}},"loc":{"start":{"line":140,"column":108},"end":{"line":172,"column":6}}},"13":{"name":"(anonymous_21)","decl":{"start":{"line":140,"column":108},"end":{"line":140,"column":null}},"loc":{"start":{"line":140,"column":108},"end":{"line":172,"column":5}}},"14":{"name":"(anonymous_22)","decl":{"start":{"line":159,"column":45},"end":{"line":159,"column":50}},"loc":{"start":{"line":159,"column":54},"end":{"line":159,"column":79}}},"15":{"name":"(anonymous_23)","decl":{"start":{"line":174,"column":21},"end":{"line":174,"column":28}},"loc":{"start":{"line":174,"column":59},"end":{"line":206,"column":null}}},"16":{"name":"(anonymous_24)","decl":{"start":{"line":174,"column":59},"end":{"line":174,"column":null}},"loc":{"start":{"line":174,"column":59},"end":{"line":206,"column":1}}}},"branchMap":{"0":{"loc":{"start":{"line":18,"column":4},"end":{"line":20,"column":5}},"type":"if","locations":[{"start":{"line":18,"column":4},"end":{"line":20,"column":5}}]},"1":{"loc":{"start":{"line":18,"column":8},"end":{"line":18,"column":69}},"type":"binary-expr","locations":[{"start":{"line":18,"column":8},"end":{"line":18,"column":14}},{"start":{"line":18,"column":18},"end":{"line":18,"column":27}},{"start":{"line":18,"column":31},"end":{"line":18,"column":36}},{"start":{"line":18,"column":40},"end":{"line":18,"column":46}},{"start":{"line":18,"column":50},"end":{"line":18,"column":58}},{"start":{"line":18,"column":62},"end":{"line":18,"column":69}}]},"2":{"loc":{"start":{"line":23,"column":8},"end":{"line":25,"column":9}},"type":"if","locations":[{"start":{"line":23,"column":8},"end":{"line":25,"column":9}}]},"3":{"loc":{"start":{"line":50,"column":8},"end":{"line":50,"column":51}},"type":"binary-expr","locations":[{"start":{"line":50,"column":8},"end":{"line":50,"column":32}},{"start":{"line":50,"column":36},"end":{"line":50,"column":51}}]},"4":{"loc":{"start":{"line":56,"column":8},"end":{"line":56,"column":66}},"type":"binary-expr","locations":[{"start":{"line":56,"column":8},"end":{"line":56,"column":40}},{"start":{"line":56,"column":44},"end":{"line":56,"column":66}}]},"5":{"loc":{"start":{"line":71,"column":4},"end":{"line":73,"column":5}},"type":"if","locations":[{"start":{"line":71,"column":4},"end":{"line":73,"column":5}}]},"6":{"loc":{"start":{"line":71,"column":8},"end":{"line":71,"column":41}},"type":"binary-expr","locations":[{"start":{"line":71,"column":8},"end":{"line":71,"column":21}},{"start":{"line":71,"column":25},"end":{"line":71,"column":41}}]},"7":{"loc":{"start":{"line":78,"column":8},"end":{"line":80,"column":9}},"type":"if","locations":[{"start":{"line":78,"column":8},"end":{"line":80,"column":9}}]},"8":{"loc":{"start":{"line":84,"column":8},"end":{"line":86,"column":9}},"type":"if","locations":[{"start":{"line":84,"column":8},"end":{"line":86,"column":9}}]},"9":{"loc":{"start":{"line":90,"column":8},"end":{"line":94,"column":9}},"type":"if","locations":[{"start":{"line":90,"column":8},"end":{"line":94,"column":9}},{"start":{"line":92,"column":15},"end":{"line":94,"column":9}}]},"10":{"loc":{"start":{"line":108,"column":25},"end":{"line":108,"column":63}},"type":"binary-expr","locations":[{"start":{"line":108,"column":25},"end":{"line":108,"column":35}},{"start":{"line":108,"column":39},"end":{"line":108,"column":63}}]},"11":{"loc":{"start":{"line":109,"column":4},"end":{"line":109,"column":57}},"type":"if","locations":[{"start":{"line":109,"column":4},"end":{"line":109,"column":57}}]},"12":{"loc":{"start":{"line":112,"column":8},"end":{"line":112,"column":44}},"type":"if","locations":[{"start":{"line":112,"column":8},"end":{"line":112,"column":44}}]},"13":{"loc":{"start":{"line":115,"column":12},"end":{"line":123,"column":13}},"type":"if","locations":[{"start":{"line":115,"column":12},"end":{"line":123,"column":13}},{"start":{"line":119,"column":19},"end":{"line":123,"column":13}}]},"14":{"loc":{"start":{"line":115,"column":16},"end":{"line":115,"column":71}},"type":"binary-expr","locations":[{"start":{"line":115,"column":16},"end":{"line":115,"column":30}},{"start":{"line":115,"column":34},"end":{"line":115,"column":71}}]},"15":{"loc":{"start":{"line":133,"column":29},"end":{"line":133,"column":67}},"type":"binary-expr","locations":[{"start":{"line":133,"column":29},"end":{"line":133,"column":39}},{"start":{"line":133,"column":43},"end":{"line":133,"column":67}}]},"16":{"loc":{"start":{"line":135,"column":4},"end":{"line":137,"column":5}},"type":"if","locations":[{"start":{"line":135,"column":4},"end":{"line":137,"column":5}}]},"17":{"loc":{"start":{"line":141,"column":8},"end":{"line":143,"column":9}},"type":"if","locations":[{"start":{"line":141,"column":8},"end":{"line":143,"column":9}}]},"18":{"loc":{"start":{"line":147,"column":12},"end":{"line":153,"column":13}},"type":"if","locations":[{"start":{"line":147,"column":12},"end":{"line":153,"column":13}}]},"19":{"loc":{"start":{"line":147,"column":16},"end":{"line":147,"column":94}},"type":"binary-expr","locations":[{"start":{"line":147,"column":16},"end":{"line":147,"column":28}},{"start":{"line":147,"column":32},"end":{"line":147,"column":51}},{"start":{"line":147,"column":55},"end":{"line":147,"column":94}}]},"20":{"loc":{"start":{"line":148,"column":16},"end":{"line":151,"column":17}},"type":"if","locations":[{"start":{"line":148,"column":16},"end":{"line":151,"column":17}}]},"21":{"loc":{"start":{"line":182,"column":22},"end":{"line":182,"column":36}},"type":"cond-expr","locations":[{"start":{"line":182,"column":29},"end":{"line":182,"column":31}},{"start":{"line":182,"column":22},"end":{"line":182,"column":36}}]},"22":{"loc":{"start":{"line":182,"column":22},"end":{"line":182,"column":31}},"type":"binary-expr","locations":[{"start":{"line":182,"column":22},"end":{"line":182,"column":31}},{"start":{"line":182,"column":22},"end":{"line":182,"column":31}}]},"23":{"loc":{"start":{"line":183,"column":8},"end":{"line":201,"column":9}},"type":"if","locations":[{"start":{"line":183,"column":8},"end":{"line":201,"column":9}}]},"24":{"loc":{"start":{"line":185,"column":12},"end":{"line":192,"column":13}},"type":"if","locations":[{"start":{"line":185,"column":12},"end":{"line":192,"column":13}}]},"25":{"loc":{"start":{"line":190,"column":34},"end":{"line":190,"column":50}},"type":"cond-expr","locations":[{"start":{"line":190,"column":41},"end":{"line":190,"column":43}},{"start":{"line":190,"column":34},"end":{"line":190,"column":50}}]},"26":{"loc":{"start":{"line":190,"column":34},"end":{"line":190,"column":43}},"type":"binary-expr","locations":[{"start":{"line":190,"column":34},"end":{"line":190,"column":43}},{"start":{"line":190,"column":34},"end":{"line":190,"column":43}}]}},"s":{"0":4,"1":4,"2":4,"3":4,"4":4,"5":4,"6":4,"7":4,"8":4,"9":4,"10":4,"11":4,"12":4,"13":4,"14":4,"15":0,"16":4,"17":4,"18":4,"19":1,"20":3,"21":3,"22":3,"23":3,"24":0,"25":0,"26":4,"27":4,"28":4,"29":4,"30":4,"31":4,"32":4,"33":4,"34":4,"35":4,"36":0,"37":4,"38":4,"39":4,"40":0,"41":4,"42":4,"43":4,"44":0,"45":4,"46":4,"47":0,"48":4,"49":4,"50":4,"51":0,"52":0,"53":4,"54":0,"55":0,"56":0,"57":0,"58":0,"59":0,"60":0,"61":0,"62":0,"63":0,"64":0,"65":0,"66":0,"67":0,"68":0,"69":0,"70":0,"71":0,"72":0,"73":0,"74":0,"75":4,"76":4,"77":4,"78":4,"79":4,"80":0,"81":4,"82":4,"83":4,"84":4,"85":0,"86":0,"87":0,"88":0,"89":0,"90":0,"91":0,"92":0,"93":0,"94":0,"95":0,"96":0,"97":0,"98":0,"99":0,"100":4,"101":0,"102":0,"103":0,"104":0,"105":0,"106":0,"107":0,"108":0,"109":0,"110":0,"111":0,"112":0,"113":0,"114":4},"f":{"0":4,"1":4,"2":4,"3":4,"4":4,"5":0,"6":0,"7":0,"8":0,"9":0,"10":4,"11":4,"12":4,"13":4,"14":0,"15":0,"16":0},"b":{"0":[0],"1":[4,4,4,4,4,4],"2":[1],"3":[4,0],"4":[4,4],"5":[0],"6":[4,4],"7":[0],"8":[0],"9":[0,4],"10":[0,0],"11":[0],"12":[0],"13":[0,0],"14":[0,0],"15":[4,4],"16":[0],"17":[4],"18":[0],"19":[0,0,0],"20":[0],"21":[0,0],"22":[0,0],"23":[0],"24":[0],"25":[0,0],"26":[0,0]}}
,"/Users/raphaelbenoliel/Documents/repos/appDevlopment/FullStack_Project/Backend/src/controllers/base_controller.ts": {"path":"/Users/raphaelbenoliel/Documents/repos/appDevlopment/FullStack_Project/Backend/src/controllers/base_controller.ts","statementMap":{"0":{"start":{"line":3,"column":0},"end":{"line":3,"column":40}},"1":{"start":{"line":9,"column":8},"end":{"line":9,"column":35}},"2":{"start":{"line":12,"column":8},"end":{"line":12,"column":27}},"3":{"start":{"line":13,"column":8},"end":{"line":24,"column":9}},"4":{"start":{"line":14,"column":12},"end":{"line":20,"column":13}},"5":{"start":{"line":15,"column":29},"end":{"line":15,"column":80}},"6":{"start":{"line":16,"column":16},"end":{"line":16,"column":43}},"7":{"start":{"line":18,"column":29},"end":{"line":18,"column":56}},"8":{"start":{"line":19,"column":16},"end":{"line":19,"column":43}},"9":{"start":{"line":22,"column":12},"end":{"line":22,"column":31}},"10":{"start":{"line":23,"column":12},"end":{"line":23,"column":48}},"11":{"start":{"line":27,"column":8},"end":{"line":38,"column":9}},"12":{"start":{"line":28,"column":12},"end":{"line":28,"column":58}},"13":{"start":{"line":29,"column":23},"end":{"line":29,"column":81}},"14":{"start":{"line":30,"column":10},"end":{"line":34,"column":11}},"15":{"start":{"line":31,"column":12},"end":{"line":31,"column":64}},"16":{"start":{"line":33,"column":12},"end":{"line":33,"column":46}},"17":{"start":{"line":36,"column":10},"end":{"line":36,"column":29}},"18":{"start":{"line":37,"column":10},"end":{"line":37,"column":46}},"19":{"start":{"line":42,"column":8},"end":{"line":42,"column":32}},"20":{"start":{"line":43,"column":8},"end":{"line":53,"column":9}},"21":{"start":{"line":44,"column":25},"end":{"line":44,"column":69}},"22":{"start":{"line":45,"column":12},"end":{"line":49,"column":13}},"23":{"start":{"line":46,"column":16},"end":{"line":46,"column":57}},"24":{"start":{"line":48,"column":16},"end":{"line":48,"column":50}},"25":{"start":{"line":51,"column":12},"end":{"line":51,"column":31}},"26":{"start":{"line":52,"column":12},"end":{"line":52,"column":48}},"27":{"start":{"line":57,"column":8},"end":{"line":57,"column":28}},"28":{"start":{"line":58,"column":8},"end":{"line":64,"column":9}},"29":{"start":{"line":59,"column":25},"end":{"line":59,"column":62}},"30":{"start":{"line":60,"column":12},"end":{"line":60,"column":39}},"31":{"start":{"line":62,"column":12},"end":{"line":62,"column":31}},"32":{"start":{"line":63,"column":12},"end":{"line":63,"column":48}},"33":{"start":{"line":68,"column":8},"end":{"line":68,"column":27}},"34":{"start":{"line":69,"column":8},"end":{"line":69,"column":32}},"35":{"start":{"line":70,"column":8},"end":{"line":82,"column":9}},"36":{"start":{"line":71,"column":25},"end":{"line":71,"column":89}},"37":{"start":{"line":73,"column":12},"end":{"line":77,"column":13}},"38":{"start":{"line":74,"column":16},"end":{"line":74,"column":57}},"39":{"start":{"line":76,"column":16},"end":{"line":76,"column":50}},"40":{"start":{"line":80,"column":12},"end":{"line":80,"column":31}},"41":{"start":{"line":81,"column":12},"end":{"line":81,"column":48}},"42":{"start":{"line":86,"column":8},"end":{"line":86,"column":30}},"43":{"start":{"line":87,"column":8},"end":{"line":93,"column":9}},"44":{"start":{"line":88,"column":12},"end":{"line":88,"column":66}},"45":{"start":{"line":89,"column":12},"end":{"line":89,"column":42}},"46":{"start":{"line":91,"column":12},"end":{"line":91,"column":31}},"47":{"start":{"line":92,"column":12},"end":{"line":92,"column":48}},"48":{"start":{"line":96,"column":8},"end":{"line":96,"column":44}},"49":{"start":{"line":98,"column":24},"end":{"line":98,"column":38}},"50":{"start":{"line":100,"column":8},"end":{"line":113,"column":9}},"51":{"start":{"line":102,"column":26},"end":{"line":102,"column":67}},"52":{"start":{"line":105,"column":12},"end":{"line":107,"column":13}},"53":{"start":{"line":106,"column":16},"end":{"line":106,"column":76}},"54":{"start":{"line":109,"column":12},"end":{"line":109,"column":84}},"55":{"start":{"line":111,"column":12},"end":{"line":111,"column":66}},"56":{"start":{"line":112,"column":12},"end":{"line":112,"column":71}},"57":{"start":{"line":117,"column":0},"end":{"line":117,"column":30}}},"fnMap":{"0":{"name":"(anonymous_8)","decl":{"start":{"line":8,"column":4},"end":{"line":8,"column":16}},"loc":{"start":{"line":8,"column":52},"end":{"line":10,"column":5}}},"1":{"name":"(anonymous_9)","decl":{"start":{"line":11,"column":10},"end":{"line":11,"column":13}},"loc":{"start":{"line":11,"column":41},"end":{"line":25,"column":null}}},"2":{"name":"(anonymous_11)","decl":{"start":{"line":26,"column":10},"end":{"line":26,"column":17}},"loc":{"start":{"line":26,"column":45},"end":{"line":39,"column":null}}},"3":{"name":"(anonymous_13)","decl":{"start":{"line":41,"column":10},"end":{"line":41,"column":17}},"loc":{"start":{"line":41,"column":45},"end":{"line":54,"column":null}}},"4":{"name":"(anonymous_15)","decl":{"start":{"line":56,"column":10},"end":{"line":56,"column":14}},"loc":{"start":{"line":56,"column":42},"end":{"line":65,"column":null}}},"5":{"name":"(anonymous_17)","decl":{"start":{"line":67,"column":10},"end":{"line":67,"column":13}},"loc":{"start":{"line":67,"column":41},"end":{"line":83,"column":null}}},"6":{"name":"(anonymous_19)","decl":{"start":{"line":85,"column":10},"end":{"line":85,"column":16}},"loc":{"start":{"line":85,"column":44},"end":{"line":94,"column":null}}},"7":{"name":"(anonymous_21)","decl":{"start":{"line":95,"column":10},"end":{"line":95,"column":26}},"loc":{"start":{"line":95,"column":54},"end":{"line":114,"column":null}}}},"branchMap":{"0":{"loc":{"start":{"line":14,"column":12},"end":{"line":20,"column":13}},"type":"if","locations":[{"start":{"line":14,"column":12},"end":{"line":20,"column":13}},{"start":{"line":17,"column":19},"end":{"line":20,"column":13}}]},"1":{"loc":{"start":{"line":30,"column":10},"end":{"line":34,"column":11}},"type":"if","locations":[{"start":{"line":30,"column":10},"end":{"line":34,"column":11}},{"start":{"line":32,"column":17},"end":{"line":34,"column":11}}]},"2":{"loc":{"start":{"line":45,"column":12},"end":{"line":49,"column":13}},"type":"if","locations":[{"start":{"line":45,"column":12},"end":{"line":49,"column":13}},{"start":{"line":47,"column":19},"end":{"line":49,"column":13}}]},"3":{"loc":{"start":{"line":73,"column":12},"end":{"line":77,"column":13}},"type":"if","locations":[{"start":{"line":73,"column":12},"end":{"line":77,"column":13}},{"start":{"line":75,"column":19},"end":{"line":77,"column":13}}]}},"s":{"0":4,"1":8,"2":2,"3":2,"4":2,"5":0,"6":0,"7":2,"8":2,"9":0,"10":0,"11":2,"12":2,"13":2,"14":2,"15":0,"16":2,"17":0,"18":0,"19":2,"20":2,"21":2,"22":2,"23":0,"24":2,"25":0,"26":0,"27":1,"28":1,"29":1,"30":1,"31":0,"32":0,"33":3,"34":3,"35":3,"36":3,"37":3,"38":1,"39":2,"40":0,"41":0,"42":1,"43":1,"44":1,"45":1,"46":0,"47":0,"48":1,"49":1,"50":1,"51":1,"52":1,"53":1,"54":1,"55":0,"56":0,"57":4},"f":{"0":8,"1":2,"2":2,"3":2,"4":1,"5":3,"6":1,"7":1},"b":{"0":[0,2],"1":[0,2],"2":[0,2],"3":[1,2]}}
,"/Users/raphaelbenoliel/Documents/repos/appDevlopment/FullStack_Project/Backend/src/controllers/post_controller.ts": {"path":"/Users/raphaelbenoliel/Documents/repos/appDevlopment/FullStack_Project/Backend/src/controllers/post_controller.ts","statementMap":{"0":{"start":{"line":1,"column":0},"end":{"line":1,"column":47}},"1":{"start":{"line":2,"column":0},"end":{"line":2,"column":51}},"2":{"start":{"line":8,"column":8},"end":{"line":8,"column":20}},"3":{"start":{"line":12,"column":8},"end":{"line":12,"column":43}},"4":{"start":{"line":13,"column":8},"end":{"line":13,"column":29}},"5":{"start":{"line":20,"column":0},"end":{"line":20,"column":36}}},"fnMap":{"0":{"name":"(anonymous_8)","decl":{"start":{"line":7,"column":4},"end":{"line":7,"column":null}},"loc":{"start":{"line":7,"column":4},"end":{"line":9,"column":5}}},"1":{"name":"(anonymous_9)","decl":{"start":{"line":11,"column":10},"end":{"line":11,"column":14}},"loc":{"start":{"line":11,"column":42},"end":{"line":14,"column":null}}}},"branchMap":{},"s":{"0":4,"1":4,"2":4,"3":1,"4":1,"5":4},"f":{"0":4,"1":1},"b":{}}
,"/Users/raphaelbenoliel/Documents/repos/appDevlopment/FullStack_Project/Backend/src/controllers/user_controller.ts": {"path":"/Users/raphaelbenoliel/Documents/repos/appDevlopment/FullStack_Project/Backend/src/controllers/user_controller.ts","statementMap":{"0":{"start":{"line":70,"column":0},"end":{"line":70,"column":40}},"1":{"start":{"line":71,"column":0},"end":{"line":71,"column":47}},"2":{"start":{"line":77,"column":4},"end":{"line":77,"column":16}},"3":{"start":{"line":82,"column":0},"end":{"line":82,"column":36}}},"fnMap":{"0":{"name":"(anonymous_1)","decl":{"start":{"line":76,"column":2},"end":{"line":76,"column":null}},"loc":{"start":{"line":76,"column":2},"end":{"line":78,"column":3}}}},"branchMap":{},"s":{"0":4,"1":4,"2":4,"3":4},"f":{"0":4},"b":{}}
,"/Users/raphaelbenoliel/Documents/repos/appDevlopment/FullStack_Project/Backend/src/models/post_model.ts": {"path":"/Users/raphaelbenoliel/Documents/repos/appDevlopment/FullStack_Project/Backend/src/models/post_model.ts","statementMap":{"0":{"start":{"line":1,"column":0},"end":{"line":1,"column":32}},"1":{"start":{"line":9,"column":19},"end":{"line":20,"column":2}},"2":{"start":{"line":22,"column":0},"end":{"line":22,"column":57}}},"fnMap":{},"branchMap":{},"s":{"0":4,"1":4,"2":4},"f":{},"b":{}}
,"/Users/raphaelbenoliel/Documents/repos/appDevlopment/FullStack_Project/Backend/src/models/user_model.ts": {"path":"/Users/raphaelbenoliel/Documents/repos/appDevlopment/FullStack_Project/Backend/src/models/user_model.ts","statementMap":{"0":{"start":{"line":1,"column":0},"end":{"line":1,"column":46}},"1":{"start":{"line":13,"column":19},"end":{"line":45,"column":2}},"2":{"start":{"line":47,"column":0},"end":{"line":47,"column":57}}},"fnMap":{},"branchMap":{},"s":{"0":4,"1":4,"2":4},"f":{},"b":{}}
,"/Users/raphaelbenoliel/Documents/repos/appDevlopment/FullStack_Project/Backend/src/routes/auth_route.ts": {"path":"/Users/raphaelbenoliel/Documents/repos/appDevlopment/FullStack_Project/Backend/src/routes/auth_route.ts","statementMap":{"0":{"start":{"line":1,"column":0},"end":{"line":1,"column":30}},"1":{"start":{"line":2,"column":0},"end":{"line":2,"column":60}},"2":{"start":{"line":4,"column":15},"end":{"line":4,"column":31}},"3":{"start":{"line":106,"column":0},"end":{"line":106,"column":50}},"4":{"start":{"line":107,"column":0},"end":{"line":107,"column":52}},"5":{"start":{"line":139,"column":0},"end":{"line":139,"column":44}},"6":{"start":{"line":154,"column":0},"end":{"line":154,"column":45}},"7":{"start":{"line":173,"column":0},"end":{"line":173,"column":47}},"8":{"start":{"line":174,"column":0},"end":{"line":174,"column":22}}},"fnMap":{},"branchMap":{},"s":{"0":4,"1":4,"2":4,"3":4,"4":4,"5":4,"6":4,"7":4,"8":4},"f":{},"b":{}}
,"/Users/raphaelbenoliel/Documents/repos/appDevlopment/FullStack_Project/Backend/src/routes/file_route.ts": {"path":"/Users/raphaelbenoliel/Documents/repos/appDevlopment/FullStack_Project/Backend/src/routes/file_route.ts","statementMap":{"0":{"start":{"line":1,"column":0},"end":{"line":1,"column":28}},"1":{"start":{"line":2,"column":0},"end":{"line":2,"column":30}},"2":{"start":{"line":4,"column":15},"end":{"line":4,"column":31}},"3":{"start":{"line":6,"column":16},"end":{"line":15,"column":2}},"4":{"start":{"line":8,"column":8},"end":{"line":8,"column":29}},"5":{"start":{"line":11,"column":25},"end":{"line":11,"column":44}},"6":{"start":{"line":12,"column":8},"end":{"line":12,"column":55}},"7":{"start":{"line":13,"column":8},"end":{"line":13,"column":27}},"8":{"start":{"line":17,"column":15},"end":{"line":17,"column":43}},"9":{"start":{"line":19,"column":0},"end":{"line":33,"column":3}},"10":{"start":{"line":20,"column":4},"end":{"line":32,"column":5}},"11":{"start":{"line":21,"column":8},"end":{"line":24,"column":9}},"12":{"start":{"line":22,"column":12},"end":{"line":22,"column":45}},"13":{"start":{"line":23,"column":12},"end":{"line":23,"column":74}},"14":{"start":{"line":26,"column":8},"end":{"line":26,"column":51}},"15":{"start":{"line":27,"column":24},"end":{"line":27,"column":64}},"16":{"start":{"line":28,"column":8},"end":{"line":28,"column":47}},"17":{"start":{"line":30,"column":8},"end":{"line":30,"column":60}},"18":{"start":{"line":31,"column":8},"end":{"line":31,"column":67}},"19":{"start":{"line":35,"column":0},"end":{"line":35,"column":22}}},"fnMap":{"0":{"name":"(anonymous_1)","decl":{"start":{"line":7,"column":17},"end":{"line":7,"column":18}},"loc":{"start":{"line":7,"column":35},"end":{"line":9,"column":5}}},"1":{"name":"(anonymous_2)","decl":{"start":{"line":10,"column":14},"end":{"line":10,"column":15}},"loc":{"start":{"line":10,"column":32},"end":{"line":14,"column":5}}},"2":{"name":"(anonymous_3)","decl":{"start":{"line":19,"column":46},"end":{"line":19,"column":47}},"loc":{"start":{"line":19,"column":59},"end":{"line":33,"column":1}}}},"branchMap":{"0":{"loc":{"start":{"line":21,"column":8},"end":{"line":24,"column":9}},"type":"if","locations":[{"start":{"line":21,"column":8},"end":{"line":24,"column":9}}]}},"s":{"0":4,"1":4,"2":4,"3":4,"4":1,"5":1,"6":1,"7":1,"8":4,"9":4,"10":2,"11":2,"12":1,"13":1,"14":1,"15":1,"16":1,"17":0,"18":0,"19":4},"f":{"0":1,"1":1,"2":2},"b":{"0":[1]}}
,"/Users/raphaelbenoliel/Documents/repos/appDevlopment/FullStack_Project/Backend/src/routes/post_route.ts": {"path":"/Users/raphaelbenoliel/Documents/repos/appDevlopment/FullStack_Project/Backend/src/routes/post_route.ts","statementMap":{"0":{"start":{"line":1,"column":0},"end":{"line":1,"column":30}},"1":{"start":{"line":2,"column":15},"end":{"line":2,"column":31}},"2":{"start":{"line":3,"column":0},"end":{"line":3,"column":60}},"3":{"start":{"line":72,"column":0},"end":{"line":72,"column":57}},"4":{"start":{"line":97,"column":0},"end":{"line":97,"column":64}},"5":{"start":{"line":120,"column":0},"end":{"line":120,"column":59}},"6":{"start":{"line":151,"column":0},"end":{"line":151,"column":60}},"7":{"start":{"line":173,"column":0},"end":{"line":173,"column":70}},"8":{"start":{"line":194,"column":0},"end":{"line":194,"column":66}},"9":{"start":{"line":196,"column":0},"end":{"line":196,"column":22}}},"fnMap":{},"branchMap":{},"s":{"0":4,"1":4,"2":4,"3":4,"4":4,"5":4,"6":4,"7":4,"8":4,"9":4},"f":{},"b":{}}
,"/Users/raphaelbenoliel/Documents/repos/appDevlopment/FullStack_Project/Backend/src/routes/user_route.ts": {"path":"/Users/raphaelbenoliel/Documents/repos/appDevlopment/FullStack_Project/Backend/src/routes/user_route.ts","statementMap":{"0":{"start":{"line":1,"column":0},"end":{"line":1,"column":30}},"1":{"start":{"line":2,"column":15},"end":{"line":2,"column":31}},"2":{"start":{"line":3,"column":0},"end":{"line":3,"column":60}},"3":{"start":{"line":4,"column":0},"end":{"line":4,"column":55}},"4":{"start":{"line":33,"column":0},"end":{"line":33,"column":57}},"5":{"start":{"line":34,"column":0},"end":{"line":34,"column":67}},"6":{"start":{"line":67,"column":0},"end":{"line":67,"column":60}},"7":{"start":{"line":74,"column":0},"end":{"line":74,"column":82}},"8":{"start":{"line":76,"column":0},"end":{"line":76,"column":22}}},"fnMap":{},"branchMap":{},"s":{"0":4,"1":4,"2":4,"3":4,"4":4,"5":4,"6":4,"7":4,"8":4},"f":{},"b":{}}
}
