TN:
SF:src/App.ts
FN:13,(anonymous_1)
FN:14,(anonymous_2)
FN:16,(anonymous_3)
FN:17,(anonymous_4)
FN:18,(anonymous_5)
FNF:5
FNH:4
FNDA:4,(anonymous_1)
FNDA:4,(anonymous_2)
FNDA:0,(anonymous_3)
FNDA:4,(anonymous_4)
FNDA:4,(anonymous_5)
DA:1,4
DA:2,4
DA:3,4
DA:4,4
DA:5,4
DA:6,4
DA:7,4
DA:8,4
DA:9,4
DA:10,4
DA:13,4
DA:14,4
DA:15,4
DA:16,4
DA:17,4
DA:18,4
DA:19,4
DA:20,4
DA:21,4
DA:22,4
DA:23,4
DA:24,4
DA:25,4
DA:26,4
DA:29,4
DA:32,4
LF:26
LH:26
BRF:0
BRH:0
end_of_record
TN:
SF:src/common/auth_middleware.ts
FN:4,(anonymous_8)
FN:4,(anonymous_9)
FN:14,(anonymous_10)
FNF:3
FNH:0
FNDA:0,(anonymous_8)
FNDA:0,(anonymous_9)
FNDA:0,(anonymous_10)
DA:2,4
DA:4,4
DA:5,0
DA:7,0
DA:8,0
DA:10,0
DA:11,0
DA:14,0
DA:15,0
DA:16,0
DA:18,0
DA:19,0
DA:23,4
LF:13
LH:3
BRDA:8,0,0,0
BRDA:8,0,1,0
BRDA:10,1,0,0
BRDA:15,2,0,0
BRF:4
BRH:0
end_of_record
TN:
SF:src/controllers/auth_controller.ts
FN:9,(anonymous_8)
FN:9,(anonymous_9)
FN:46,(anonymous_10)
FN:67,(anonymous_11)
FN:67,(anonymous_12)
FN:105,(anonymous_13)
FN:105,(anonymous_14)
FN:115,(anonymous_15)
FN:115,(anonymous_16)
FN:125,(anonymous_17)
FN:135,(anonymous_18)
FN:135,(anonymous_19)
FN:145,(anonymous_20)
FN:145,(anonymous_21)
FN:164,(anonymous_22)
FN:179,(anonymous_23)
FN:179,(anonymous_24)
FNF:17
FNH:12
FNDA:4,(anonymous_8)
FNDA:4,(anonymous_9)
FNDA:7,(anonymous_10)
FNDA:4,(anonymous_11)
FNDA:4,(anonymous_12)
FNDA:1,(anonymous_13)
FNDA:1,(anonymous_14)
FNDA:0,(anonymous_15)
FNDA:0,(anonymous_16)
FNDA:0,(anonymous_17)
FNDA:4,(anonymous_18)
FNDA:4,(anonymous_19)
FNDA:4,(anonymous_20)
FNDA:4,(anonymous_21)
FNDA:3,(anonymous_22)
FNDA:0,(anonymous_23)
FNDA:0,(anonymous_24)
DA:2,4
DA:3,4
DA:4,4
DA:5,4
DA:7,4
DA:9,4
DA:10,4
DA:11,4
DA:12,4
DA:13,4
DA:14,4
DA:15,4
DA:16,4
DA:18,4
DA:19,0
DA:21,4
DA:22,4
DA:23,4
DA:24,1
DA:26,3
DA:27,3
DA:29,3
DA:39,3
DA:41,0
DA:42,0
DA:46,4
DA:47,7
DA:48,7
DA:49,7
DA:50,7
DA:51,7
DA:57,7
DA:61,7
DA:67,4
DA:68,4
DA:69,4
DA:70,4
DA:72,4
DA:73,0
DA:75,4
DA:76,4
DA:78,4
DA:79,0
DA:81,4
DA:82,4
DA:83,4
DA:84,0
DA:86,4
DA:87,4
DA:89,4
DA:90,0
DA:92,4
DA:94,4
DA:95,4
DA:100,0
DA:101,0
DA:105,4
DA:106,1
DA:107,1
DA:108,1
DA:109,1
DA:110,1
DA:111,1
DA:112,1
DA:113,1
DA:115,0
DA:116,0
DA:117,0
DA:118,0
DA:119,0
DA:120,0
DA:121,0
DA:122,0
DA:123,0
DA:125,0
DA:126,0
DA:127,0
DA:130,0
DA:135,4
DA:137,4
DA:138,4
DA:140,4
DA:141,0
DA:145,4
DA:146,4
DA:147,0
DA:150,4
DA:151,4
DA:152,4
DA:153,1
DA:154,1
DA:155,1
DA:157,1
DA:161,3
DA:164,3
DA:165,3
DA:166,3
DA:169,3
DA:174,0
DA:175,0
DA:179,4
DA:180,0
DA:181,0
DA:182,0
DA:186,0
DA:187,0
DA:188,0
DA:189,0
DA:190,0
DA:191,0
DA:198,0
DA:199,0
DA:208,0
DA:213,4
LF:114
LH:76
BRDA:18,0,0,0
BRDA:18,1,0,4
BRDA:18,1,1,4
BRDA:18,1,2,4
BRDA:18,1,3,4
BRDA:18,1,4,4
BRDA:18,1,5,4
BRDA:23,2,0,1
BRDA:72,3,0,0
BRDA:72,4,0,4
BRDA:72,4,1,4
BRDA:78,5,0,0
BRDA:83,6,0,0
BRDA:89,7,0,0
BRDA:89,7,1,4
BRDA:107,8,0,1
BRDA:107,8,1,0
BRDA:108,9,0,1
BRDA:117,10,0,0
BRDA:120,11,0,0
BRDA:120,11,1,0
BRDA:120,12,0,0
BRDA:120,12,1,0
BRDA:138,13,0,4
BRDA:138,13,1,4
BRDA:140,14,0,0
BRDA:146,15,0,0
BRDA:152,16,0,1
BRDA:152,17,0,4
BRDA:152,17,1,4
BRDA:152,17,2,4
BRDA:153,18,0,1
BRDA:187,19,0,0
BRDA:187,19,1,0
BRDA:187,20,0,0
BRDA:187,20,1,0
BRDA:188,21,0,0
BRDA:190,22,0,0
BRDA:195,23,0,0
BRDA:195,23,1,0
BRDA:195,24,0,0
BRDA:195,24,1,0
BRF:42
BRH:19
end_of_record
TN:
SF:src/controllers/base_controller.ts
FN:8,(anonymous_8)
FN:11,(anonymous_9)
FN:26,(anonymous_11)
FN:40,(anonymous_13)
FN:55,(anonymous_15)
FN:66,(anonymous_17)
FN:83,(anonymous_19)
FN:93,(anonymous_21)
FNF:8
FNH:8
FNDA:8,(anonymous_8)
FNDA:3,(anonymous_9)
FNDA:2,(anonymous_11)
FNDA:2,(anonymous_13)
FNDA:1,(anonymous_15)
FNDA:3,(anonymous_17)
FNDA:1,(anonymous_19)
FNDA:1,(anonymous_21)
DA:3,4
DA:9,8
DA:12,3
DA:13,3
DA:14,3
DA:15,0
DA:16,0
DA:18,3
DA:19,3
DA:22,0
DA:23,0
DA:27,2
DA:28,2
DA:29,2
DA:30,0
DA:32,2
DA:35,0
DA:36,0
DA:41,2
DA:42,2
DA:43,2
DA:44,2
DA:45,0
DA:47,2
DA:50,0
DA:51,0
DA:56,1
DA:57,1
DA:58,1
DA:59,1
DA:61,0
DA:62,0
DA:67,3
DA:68,3
DA:69,3
DA:71,3
DA:72,1
DA:74,2
DA:78,0
DA:79,0
DA:84,1
DA:85,1
DA:86,1
DA:87,1
DA:89,0
DA:90,0
DA:95,1
DA:97,1
DA:99,1
DA:102,1
DA:103,1
DA:106,1
DA:108,0
DA:109,0
DA:114,4
LF:55
LH:37
BRDA:14,0,0,0
BRDA:14,0,1,3
BRDA:29,1,0,0
BRDA:29,1,1,2
BRDA:44,2,0,0
BRDA:44,2,1,2
BRDA:71,3,0,1
BRDA:71,3,1,2
BRF:8
BRH:5
end_of_record
TN:
SF:src/controllers/post_controller.ts
FN:7,(anonymous_8)
FN:11,(anonymous_9)
FNF:2
FNH:2
FNDA:4,(anonymous_8)
FNDA:1,(anonymous_9)
DA:1,4
DA:2,4
DA:8,4
DA:12,1
DA:13,1
DA:20,4
LF:6
LH:6
BRF:0
BRH:0
end_of_record
TN:
SF:src/controllers/user_controller.ts
FN:7,(anonymous_1)
FNF:1
FNH:1
FNDA:4,(anonymous_1)
DA:1,4
DA:2,4
DA:8,4
DA:13,4
LF:4
LH:4
BRF:0
BRH:0
end_of_record
TN:
SF:src/models/post_model.ts
FNF:0
FNH:0
DA:1,4
DA:9,4
DA:22,4
LF:3
LH:3
BRF:0
BRH:0
end_of_record
TN:
SF:src/models/user_model.ts
FNF:0
FNH:0
DA:1,4
DA:13,4
DA:47,4
LF:3
LH:3
BRF:0
BRH:0
end_of_record
TN:
SF:src/routes/auth_route.ts
FNF:0
FNH:0
DA:1,4
DA:2,4
DA:4,4
DA:106,4
DA:107,4
DA:139,4
DA:154,4
DA:173,4
DA:174,4
LF:9
LH:9
BRF:0
BRH:0
end_of_record
TN:
SF:src/routes/file_route.ts
FN:7,(anonymous_1)
FN:10,(anonymous_2)
FN:19,(anonymous_3)
FNF:3
FNH:3
FNDA:1,(anonymous_1)
FNDA:1,(anonymous_2)
FNDA:2,(anonymous_3)
DA:1,4
DA:2,4
DA:4,4
DA:6,4
DA:8,1
DA:11,1
DA:12,1
DA:13,1
DA:17,4
DA:19,4
DA:20,2
DA:21,2
DA:22,1
DA:23,1
DA:26,1
DA:27,1
DA:28,1
DA:30,0
DA:31,0
DA:35,4
LF:20
LH:18
BRDA:21,0,0,1
BRF:1
BRH:1
end_of_record
TN:
SF:src/routes/post_route.ts
FNF:0
FNH:0
DA:1,4
DA:2,4
DA:3,4
DA:72,4
DA:97,4
DA:120,4
DA:151,4
DA:173,4
DA:194,4
DA:196,4
LF:10
LH:10
BRF:0
BRH:0
end_of_record
TN:
SF:src/routes/user_route.ts
FNF:0
FNH:0
DA:1,4
DA:2,4
DA:3,4
DA:4,4
DA:33,4
DA:34,4
DA:67,4
DA:74,4
DA:76,4
LF:9
LH:9
BRF:0
BRH:0
end_of_record
